<?xml version="1.0" encoding="UTF-8"?>
<!-- Generated by org.testng.reporters.JUnitReportReporter -->
<testsuite hostname="kumaresanp-740" failures="0" tests="1" name="testCases.E2ELogin" time="43.182" errors="0" timestamp="2023-03-19T20:45:06 IST" skipped="0">
  <testcase classname="testCases.E2ELogin" name="e2eLoginTrello" time="43.182"/>
  <system-out/>
</testsuite> <!-- testCases.E2ELogin -->
